<?xml version="1.0" encoding="UTF-8"?>
<!-- Generated by org.testng.reporters.JUnitXMLReporter -->
<testsuite ignored="0" hostname="DESKTOP-SS5UEKF" failures="0" tests="4" name="Default test" time="35.61" errors="0" timestamp="2023-09-25T22:09:59 CDT">
  <testcase classname="com.acti.testcase.LoginPageTests" name="testLoginPageTitle" time="0.045"/>
  <testcase classname="com.acti.testcase.LoginPageTests" name="testLoginFuncation" time="3.578"/>
  <testcase classname="com.acti.testcase.LoginPageTests" name="testActiImgDisplayed" time="0.136"/>
  <testcase classname="com.acti.testcase.LoginPageTests" name="testForgotPasswordLinkDisplayed" time="0.093"/>
</testsuite> <!-- Default test -->
