<?xml version="1.0" encoding="UTF-8"?>
<testng-results ignored="0" total="1" passed="1" failed="0" skipped="0">
  <reporter-output>
  </reporter-output>
  <suite started-at="2023-09-21T07:45:15 CDT" name="Default suite" finished-at="2023-09-21T07:45:42 CDT" duration-ms="26869">
    <groups>
    </groups>
    <test started-at="2023-09-21T07:45:15 CDT" name="Default test" finished-at="2023-09-21T07:45:42 CDT" duration-ms="26869">
      <class name="com.acti.testcases.LoginPageTest">
        <test-method is-config="true" signature="setUp()[pri:0, instance:com.acti.testcases.LoginPageTest@791f145a]" started-at="2023-09-21T07:45:16 CDT" name="setUp" finished-at="2023-09-21T07:45:38 CDT" duration-ms="22404" status="PASS">
          <reporter-output>
          </reporter-output>
        </test-method> <!-- setUp -->
        <test-method signature="testLoginFuncation()[pri:0, instance:com.acti.testcases.LoginPageTest@791f145a]" started-at="2023-09-21T07:45:38 CDT" name="testLoginFuncation" finished-at="2023-09-21T07:45:41 CDT" duration-ms="3370" status="PASS">
          <reporter-output>
          </reporter-output>
        </test-method> <!-- testLoginFuncation -->
        <test-method is-config="true" signature="tearDown()[pri:0, instance:com.acti.testcases.LoginPageTest@791f145a]" started-at="2023-09-21T07:45:41 CDT" name="tearDown" finished-at="2023-09-21T07:45:42 CDT" duration-ms="976" status="PASS">
          <reporter-output>
          </reporter-output>
        </test-method> <!-- tearDown -->
      </class> <!-- com.acti.testcases.LoginPageTest -->
    </test> <!-- Default test -->
  </suite> <!-- Default suite -->
</testng-results>
